

Started GET "/" for 127.0.0.1 at 2023-12-06 08:31:49 -0500


Started GET "/movies" for 127.0.0.1 at 2023-12-06 08:31:49 -0500
Processing by MoviesController#index as HTML
Redirected to http://0.0.0.0:3000/movies?ratings%5BG%5D=1&ratings%5BPG%5D=1&ratings%5BPG-13%5D=1&ratings%5BR%5D=1&sort_by=id
Filter chain halted as :force_index_redirect rendered or redirected
Completed 302 Found in 85ms (ActiveRecord: 0.0ms)


Started GET "/movies?ratings%5BG%5D=1&ratings%5BPG%5D=1&ratings%5BPG-13%5D=1&ratings%5BR%5D=1&sort_by=id" for 127.0.0.1 at 2023-12-06 08:31:49 -0500
Processing by MoviesController#index as HTML
  Parameters: {"ratings"=>{"G"=>"1", "PG"=>"1", "PG-13"=>"1", "R"=>"1"}, "sort_by"=>"id"}
  [1m[36mMovie Load (1.1ms)[0m  [1mSELECT "movies".* FROM "movies" WHERE "movies"."rating" IN ('G', 'PG', 'PG-13', 'R')  ORDER BY id[0m
  Rendered movies/index.html.erb within layouts/application (18.1ms)
Completed 500 Internal Server Error in 52ms (ActiveRecord: 4.5ms)

ActionView::Template::Error (SQLite3::SQLException: no such table: movies: SELECT "movies".* FROM "movies" WHERE "movies"."rating" IN ('G', 'PG', 'PG-13', 'R')  ORDER BY id):
    33:     </tr>
    34:   </thead>
    35:   <tbody>
    36:     <% @movies.each do |movie| %>
    37:       <tr>
    38:         <td>
    39:           <%= movie.title %>
  app/views/movies/index.html.erb:36:in `_app_views_movies_index_html_erb___937001279953341675_47222725629220'


  Rendered /home/komiz/.rbenv/versions/2.6.6/lib/ruby/gems/2.6.0/gems/actionpack-4.2.11/lib/action_dispatch/middleware/templates/rescues/_source.erb (11.2ms)
  Rendered /home/komiz/.rbenv/versions/2.6.6/lib/ruby/gems/2.6.0/gems/actionpack-4.2.11/lib/action_dispatch/middleware/templates/rescues/_trace.html.erb (4.3ms)
  Rendered /home/komiz/.rbenv/versions/2.6.6/lib/ruby/gems/2.6.0/gems/actionpack-4.2.11/lib/action_dispatch/middleware/templates/rescues/_request_and_response.html.erb (1.8ms)
  Rendered /home/komiz/.rbenv/versions/2.6.6/lib/ruby/gems/2.6.0/gems/actionpack-4.2.11/lib/action_dispatch/middleware/templates/rescues/template_error.html.erb within rescues/layout (31.3ms)
  Rendered /home/komiz/.rbenv/versions/2.6.6/lib/ruby/gems/2.6.0/gems/web-console-2.3.0/lib/web_console/templates/_markup.html.erb (0.7ms)
  Rendered /home/komiz/.rbenv/versions/2.6.6/lib/ruby/gems/2.6.0/gems/web-console-2.3.0/lib/web_console/templates/_inner_console_markup.html.erb within layouts/inlined_string (0.7ms)
  Rendered /home/komiz/.rbenv/versions/2.6.6/lib/ruby/gems/2.6.0/gems/web-console-2.3.0/lib/web_console/templates/_prompt_box_markup.html.erb within layouts/inlined_string (0.5ms)
  Rendered /home/komiz/.rbenv/versions/2.6.6/lib/ruby/gems/2.6.0/gems/web-console-2.3.0/lib/web_console/templates/style.css.erb within layouts/inlined_string (0.5ms)
  Rendered /home/komiz/.rbenv/versions/2.6.6/lib/ruby/gems/2.6.0/gems/web-console-2.3.0/lib/web_console/templates/console.js.erb within layouts/javascript (23.0ms)
  Rendered /home/komiz/.rbenv/versions/2.6.6/lib/ruby/gems/2.6.0/gems/web-console-2.3.0/lib/web_console/templates/main.js.erb within layouts/javascript (0.7ms)
  Rendered /home/komiz/.rbenv/versions/2.6.6/lib/ruby/gems/2.6.0/gems/web-console-2.3.0/lib/web_console/templates/error_page.js.erb within layouts/javascript (0.6ms)
  Rendered /home/komiz/.rbenv/versions/2.6.6/lib/ruby/gems/2.6.0/gems/web-console-2.3.0/lib/web_console/templates/index.html.erb (44.0ms)
  [1m[36m (4.7ms)[0m  [1mCREATE TABLE "movies" ("id" INTEGER PRIMARY KEY AUTOINCREMENT NOT NULL, "title" varchar, "rating" varchar, "description" text, "release_date" datetime, "created_at" datetime, "updated_at" datetime) [0m
  [1m[35m (3.8ms)[0m  CREATE TABLE "schema_migrations" ("version" varchar NOT NULL) 
  [1m[36m (0.3ms)[0m  [1mselect sqlite_version(*)[0m
  [1m[35m (3.5ms)[0m  CREATE UNIQUE INDEX "unique_schema_migrations" ON "schema_migrations" ("version")
  [1m[36m (0.2ms)[0m  [1mSELECT version FROM "schema_migrations"[0m
  [1m[35m (2.7ms)[0m  INSERT INTO "schema_migrations" (version) VALUES ('20111119180638')
  [1m[36m (3.5ms)[0m  [1mCREATE TABLE "movies" ("id" INTEGER PRIMARY KEY AUTOINCREMENT NOT NULL, "title" varchar, "rating" varchar, "description" text, "release_date" datetime, "created_at" datetime, "updated_at" datetime) [0m
  [1m[35m (4.4ms)[0m  CREATE TABLE "schema_migrations" ("version" varchar NOT NULL) 
  [1m[36m (0.1ms)[0m  [1mselect sqlite_version(*)[0m
  [1m[35m (3.3ms)[0m  CREATE UNIQUE INDEX "unique_schema_migrations" ON "schema_migrations" ("version")
  [1m[36m (0.2ms)[0m  [1mSELECT version FROM "schema_migrations"[0m
  [1m[35m (2.6ms)[0m  INSERT INTO "schema_migrations" (version) VALUES ('20111119180638')
  [1m[36mActiveRecord::SchemaMigration Load (0.1ms)[0m  [1mSELECT "schema_migrations".* FROM "schema_migrations"[0m
  [1m[35m (0.1ms)[0m  begin transaction
  [1m[36mSQL (0.6ms)[0m  [1mINSERT INTO "movies" ("title", "rating", "release_date", "created_at", "updated_at") VALUES (?, ?, ?, ?, ?)[0m  [["title", "Aladdin"], ["rating", "G"], ["release_date", "1992-11-25 00:00:00.000000"], ["created_at", "2023-12-06 13:33:46.510586"], ["updated_at", "2023-12-06 13:33:46.510586"]]
  [1m[35m (2.6ms)[0m  commit transaction
  [1m[36m (0.1ms)[0m  [1mbegin transaction[0m
  [1m[35mSQL (0.4ms)[0m  INSERT INTO "movies" ("title", "rating", "release_date", "created_at", "updated_at") VALUES (?, ?, ?, ?, ?)  [["title", "The Terminator"], ["rating", "R"], ["release_date", "1984-10-26 00:00:00.000000"], ["created_at", "2023-12-06 13:33:46.517084"], ["updated_at", "2023-12-06 13:33:46.517084"]]
  [1m[36m (2.5ms)[0m  [1mcommit transaction[0m
  [1m[35m (0.1ms)[0m  begin transaction
  [1m[36mSQL (0.4ms)[0m  [1mINSERT INTO "movies" ("title", "rating", "release_date", "created_at", "updated_at") VALUES (?, ?, ?, ?, ?)[0m  [["title", "When Harry Met Sally"], ["rating", "R"], ["release_date", "1989-07-21 00:00:00.000000"], ["created_at", "2023-12-06 13:33:46.522319"], ["updated_at", "2023-12-06 13:33:46.522319"]]
  [1m[35m (4.0ms)[0m  commit transaction
  [1m[36m (0.1ms)[0m  [1mbegin transaction[0m
  [1m[35mSQL (0.4ms)[0m  INSERT INTO "movies" ("title", "rating", "release_date", "created_at", "updated_at") VALUES (?, ?, ?, ?, ?)  [["title", "The Help"], ["rating", "PG-13"], ["release_date", "2011-08-10 00:00:00.000000"], ["created_at", "2023-12-06 13:33:46.529155"], ["updated_at", "2023-12-06 13:33:46.529155"]]
  [1m[36m (2.7ms)[0m  [1mcommit transaction[0m
  [1m[35m (0.1ms)[0m  begin transaction
  [1m[36mSQL (0.4ms)[0m  [1mINSERT INTO "movies" ("title", "rating", "release_date", "created_at", "updated_at") VALUES (?, ?, ?, ?, ?)[0m  [["title", "Chocolat"], ["rating", "PG-13"], ["release_date", "2001-01-05 00:00:00.000000"], ["created_at", "2023-12-06 13:33:46.534992"], ["updated_at", "2023-12-06 13:33:46.534992"]]
  [1m[35m (2.7ms)[0m  commit transaction
  [1m[36m (0.1ms)[0m  [1mbegin transaction[0m
  [1m[35mSQL (0.4ms)[0m  INSERT INTO "movies" ("title", "rating", "release_date", "created_at", "updated_at") VALUES (?, ?, ?, ?, ?)  [["title", "Amelie"], ["rating", "R"], ["release_date", "2001-04-25 00:00:00.000000"], ["created_at", "2023-12-06 13:33:46.541073"], ["updated_at", "2023-12-06 13:33:46.541073"]]
  [1m[36m (2.8ms)[0m  [1mcommit transaction[0m
  [1m[35m (0.1ms)[0m  begin transaction
  [1m[36mSQL (0.5ms)[0m  [1mINSERT INTO "movies" ("title", "rating", "release_date", "created_at", "updated_at") VALUES (?, ?, ?, ?, ?)[0m  [["title", "2001: A Space Odyssey"], ["rating", "G"], ["release_date", "1968-04-06 00:00:00.000000"], ["created_at", "2023-12-06 13:33:46.547202"], ["updated_at", "2023-12-06 13:33:46.547202"]]
  [1m[35m (2.6ms)[0m  commit transaction
  [1m[36m (0.1ms)[0m  [1mbegin transaction[0m
  [1m[35mSQL (0.4ms)[0m  INSERT INTO "movies" ("title", "rating", "release_date", "created_at", "updated_at") VALUES (?, ?, ?, ?, ?)  [["title", "The Incredibles"], ["rating", "PG"], ["release_date", "2004-11-05 00:00:00.000000"], ["created_at", "2023-12-06 13:33:46.553332"], ["updated_at", "2023-12-06 13:33:46.553332"]]
  [1m[36m (3.8ms)[0m  [1mcommit transaction[0m
  [1m[35m (0.1ms)[0m  begin transaction
  [1m[36mSQL (0.4ms)[0m  [1mINSERT INTO "movies" ("title", "rating", "release_date", "created_at", "updated_at") VALUES (?, ?, ?, ?, ?)[0m  [["title", "Raiders of the Lost Ark"], ["rating", "PG"], ["release_date", "1981-06-12 00:00:00.000000"], ["created_at", "2023-12-06 13:33:46.560071"], ["updated_at", "2023-12-06 13:33:46.560071"]]
  [1m[35m (2.4ms)[0m  commit transaction
  [1m[36m (0.1ms)[0m  [1mbegin transaction[0m
  [1m[35mSQL (0.3ms)[0m  INSERT INTO "movies" ("title", "rating", "release_date", "created_at", "updated_at") VALUES (?, ?, ?, ?, ?)  [["title", "Chicken Run"], ["rating", "G"], ["release_date", "2000-06-21 00:00:00.000000"], ["created_at", "2023-12-06 13:33:46.564879"], ["updated_at", "2023-12-06 13:33:46.564879"]]
  [1m[36m (2.4ms)[0m  [1mcommit transaction[0m


Started GET "/movies?ratings%5BG%5D=1&ratings%5BPG%5D=1&ratings%5BPG-13%5D=1&ratings%5BR%5D=1&sort_by=id" for 127.0.0.1 at 2023-12-06 08:33:56 -0500
Processing by MoviesController#index as HTML
  Parameters: {"ratings"=>{"G"=>"1", "PG"=>"1", "PG-13"=>"1", "R"=>"1"}, "sort_by"=>"id"}
  [1m[36mMovie Load (0.5ms)[0m  [1mSELECT "movies".* FROM "movies" WHERE "movies"."rating" IN ('G', 'PG', 'PG-13', 'R')  ORDER BY id[0m
  Rendered movies/index.html.erb within layouts/application (22.1ms)
  Rendered layouts/_flash.erb (0.7ms)
Completed 200 OK in 531ms (Views: 460.8ms | ActiveRecord: 2.8ms)


Started GET "/assets/application.self-e80e8f2318043e8af94dddc2adad5a4f09739a8ebb323b3ab31cd71d45fd9113.css?body=1" for 127.0.0.1 at 2023-12-06 08:33:57 -0500


Started GET "/assets/jquery.self-bd7ddd393353a8d2480a622e80342adf488fb6006d667e8b42e4c0073393abee.js?body=1" for 127.0.0.1 at 2023-12-06 08:33:57 -0500


Started GET "/assets/application.self-377610cd7c1509e934744c810e3b4cf672dfbcacac3274e7d039827e2ae0fcc7.js?body=1" for 127.0.0.1 at 2023-12-06 08:33:57 -0500


Started GET "/assets/jquery_ujs.self-784a997f6726036b1993eb2217c9cb558e1cbb801c6da88105588c56f13b466a.js?body=1" for 127.0.0.1 at 2023-12-06 08:33:57 -0500


Started GET "/movies?utf8=%E2%9C%93&sort_by=id&ratings%5BPG%5D=1&ratings%5BR%5D=1&commit=Refresh" for 127.0.0.1 at 2023-12-06 08:56:35 -0500
Processing by MoviesController#index as HTML
  Parameters: {"utf8"=>"✓", "sort_by"=>"id", "ratings"=>{"PG"=>"1", "R"=>"1"}, "commit"=>"Refresh"}
  [1m[36mMovie Load (0.3ms)[0m  [1mSELECT "movies".* FROM "movies" WHERE "movies"."rating" IN ('PG', 'R')  ORDER BY id[0m
  Rendered movies/index.html.erb within layouts/application (24.8ms)
  Rendered layouts/_flash.erb (0.8ms)
Completed 200 OK in 378ms (Views: 291.8ms | ActiveRecord: 3.5ms)


Started GET "/movies?utf8=%E2%9C%93&sort_by=id&ratings%5BPG%5D=1&ratings%5BR%5D=1&commit=Refresh" for 127.0.0.1 at 2023-12-06 08:56:37 -0500
Processing by MoviesController#index as HTML
  Parameters: {"utf8"=>"✓", "sort_by"=>"id", "ratings"=>{"PG"=>"1", "R"=>"1"}, "commit"=>"Refresh"}
  [1m[35mMovie Load (0.3ms)[0m  SELECT "movies".* FROM "movies" WHERE "movies"."rating" IN ('PG', 'R')  ORDER BY id
  Rendered movies/index.html.erb within layouts/application (3.6ms)
  Rendered layouts/_flash.erb (0.2ms)
Completed 200 OK in 19ms (Views: 17.2ms | ActiveRecord: 0.3ms)
